<?xml version="1.0" encoding="UTF-8"?>
<!-- Generated by org.testng.reporters.JUnitReportReporter -->
<testsuite hostname="Nehals-MacBook-Air.local" failures="0" tests="1" name="tests.FirstTest1" time="12.521" errors="0" timestamp="2023-09-13T22:16:46 BST" skipped="0">
  <testcase classname="tests.FirstTest1" name="testDemo1" time="12.521"/>
</testsuite> <!-- tests.FirstTest1 -->
